Added Component: Designator=C1(C1206)
Add component (AddParameter): Name = "LatestRevisionDate"; Value = "03-11-2016"; VariantName = "[No Variations]"
Add component (AddParameter): Name = "LatestRevisionNote"; Value = "Creation"; VariantName = "[No Variations]"
Add component (AddParameter): Name = "PackageDescription"; Value = "Chip Capacitor, Body 3.2x1.6mm, Height 1.7mm, IPC Medium Density"; VariantName = "[No Variations]"
Add component (AddParameter): Name = "PackageReference"; Value = "C1206"; VariantName = "[No Variations]"
Add component (AddParameter): Name = "Published"; Value = "03-11-2016"; VariantName = "[No Variations]"
Add component (AddParameter): Name = "Publisher"; Value = "Windesheim"; VariantName = "[No Variations]"
Add component (AddParameter): Name = "Value"; Value = "100µF"; VariantName = "[No Variations]"
Added Component: Designator=C2(C1206)
Add component (AddParameter): Name = "LatestRevisionDate"; Value = "03-11-2016"; VariantName = "[No Variations]"
Add component (AddParameter): Name = "LatestRevisionNote"; Value = "Creation"; VariantName = "[No Variations]"
Add component (AddParameter): Name = "PackageDescription"; Value = "Chip Capacitor, Body 3.2x1.6mm, Height 1.7mm, IPC Medium Density"; VariantName = "[No Variations]"
Add component (AddParameter): Name = "PackageReference"; Value = "C1206"; VariantName = "[No Variations]"
Add component (AddParameter): Name = "Published"; Value = "03-11-2016"; VariantName = "[No Variations]"
Add component (AddParameter): Name = "Publisher"; Value = "Windesheim"; VariantName = "[No Variations]"
Add component (AddParameter): Name = "Value"; Value = "100nF"; VariantName = "[No Variations]"
Added Component: Designator=C3(C1206)
Add component (AddParameter): Name = "LatestRevisionDate"; Value = "03-11-2016"; VariantName = "[No Variations]"
Add component (AddParameter): Name = "LatestRevisionNote"; Value = "Creation"; VariantName = "[No Variations]"
Add component (AddParameter): Name = "PackageDescription"; Value = "Chip Capacitor, Body 3.2x1.6mm, Height 1.7mm, IPC Medium Density"; VariantName = "[No Variations]"
Add component (AddParameter): Name = "PackageReference"; Value = "C1206"; VariantName = "[No Variations]"
Add component (AddParameter): Name = "Published"; Value = "03-11-2016"; VariantName = "[No Variations]"
Add component (AddParameter): Name = "Publisher"; Value = "Windesheim"; VariantName = "[No Variations]"
Add component (AddParameter): Name = "Value"; Value = "100nF"; VariantName = "[No Variations]"
Added Component: Designator=C4(C1206)
Add component (AddParameter): Name = "LatestRevisionDate"; Value = "03-11-2016"; VariantName = "[No Variations]"
Add component (AddParameter): Name = "LatestRevisionNote"; Value = "Creation"; VariantName = "[No Variations]"
Add component (AddParameter): Name = "PackageDescription"; Value = "Chip Capacitor, Body 3.2x1.6mm, Height 1.7mm, IPC Medium Density"; VariantName = "[No Variations]"
Add component (AddParameter): Name = "PackageReference"; Value = "C1206"; VariantName = "[No Variations]"
Add component (AddParameter): Name = "Published"; Value = "03-11-2016"; VariantName = "[No Variations]"
Add component (AddParameter): Name = "Publisher"; Value = "Windesheim"; VariantName = "[No Variations]"
Add component (AddParameter): Name = "Value"; Value = "100nF"; VariantName = "[No Variations]"
Added Component: Designator=C5(C1206)
Add component (AddParameter): Name = "LatestRevisionDate"; Value = "03-11-2016"; VariantName = "[No Variations]"
Add component (AddParameter): Name = "LatestRevisionNote"; Value = "Creation"; VariantName = "[No Variations]"
Add component (AddParameter): Name = "PackageDescription"; Value = "Chip Capacitor, Body 3.2x1.6mm, Height 1.7mm, IPC Medium Density"; VariantName = "[No Variations]"
Add component (AddParameter): Name = "PackageReference"; Value = "C1206"; VariantName = "[No Variations]"
Add component (AddParameter): Name = "Published"; Value = "03-11-2016"; VariantName = "[No Variations]"
Add component (AddParameter): Name = "Publisher"; Value = "Windesheim"; VariantName = "[No Variations]"
Add component (AddParameter): Name = "Value"; Value = "100nF"; VariantName = "[No Variations]"
Added Component: Designator=C6(C1206)
Add component (AddParameter): Name = "LatestRevisionDate"; Value = "03-11-2016"; VariantName = "[No Variations]"
Add component (AddParameter): Name = "LatestRevisionNote"; Value = "Creation"; VariantName = "[No Variations]"
Add component (AddParameter): Name = "PackageDescription"; Value = "Chip Capacitor, Body 3.2x1.6mm, Height 1.7mm, IPC Medium Density"; VariantName = "[No Variations]"
Add component (AddParameter): Name = "PackageReference"; Value = "C1206"; VariantName = "[No Variations]"
Add component (AddParameter): Name = "Published"; Value = "03-11-2016"; VariantName = "[No Variations]"
Add component (AddParameter): Name = "Publisher"; Value = "Windesheim"; VariantName = "[No Variations]"
Add component (AddParameter): Name = "Value"; Value = "100nF"; VariantName = "[No Variations]"
Added Component: Designator=C7(C1206)
Add component (AddParameter): Name = "LatestRevisionDate"; Value = "03-11-2016"; VariantName = "[No Variations]"
Add component (AddParameter): Name = "LatestRevisionNote"; Value = "Creation"; VariantName = "[No Variations]"
Add component (AddParameter): Name = "PackageDescription"; Value = "Chip Capacitor, Body 3.2x1.6mm, Height 1.7mm, IPC Medium Density"; VariantName = "[No Variations]"
Add component (AddParameter): Name = "PackageReference"; Value = "C1206"; VariantName = "[No Variations]"
Add component (AddParameter): Name = "Published"; Value = "03-11-2016"; VariantName = "[No Variations]"
Add component (AddParameter): Name = "Publisher"; Value = "Windesheim"; VariantName = "[No Variations]"
Add component (AddParameter): Name = "Value"; Value = "100nF"; VariantName = "[No Variations]"
Added Component: Designator=DS1(HDSM433C)
Add component (AddParameter): Name = "Datasheet Link"; Value = "https://docs.broadcom.com/docs/AV02-0708EN"; VariantName = "[No Variations]"
Add component (AddParameter): Name = "Height"; Value = "4mm"; VariantName = "[No Variations]"
Add component (AddParameter): Name = "Manufacturer_Name"; Value = "Avago Technologies"; VariantName = "[No Variations]"
Add component (AddParameter): Name = "Manufacturer_Part_Number"; Value = "HDSM-433C"; VariantName = "[No Variations]"
Add component (AddParameter): Name = "Mouser Part Number"; Value = "630-HDSM-433C"; VariantName = "[No Variations]"
Add component (AddParameter): Name = "Mouser Price/Stock"; Value = "https://www.mouser.com/Search/Refine.aspx?Keyword=630-HDSM-433C"; VariantName = "[No Variations]"
Add component (AddParameter): Name = "RS Part Number"; Value = "1783057"; VariantName = "[No Variations]"
Add component (AddParameter): Name = "RS Price/Stock"; Value = "http://uk.rs-online.com/web/p/products/1783057"; VariantName = "[No Variations]"
Added Component: Designator=DS2(HDSM433C)
Add component (AddParameter): Name = "Datasheet Link"; Value = "https://docs.broadcom.com/docs/AV02-0708EN"; VariantName = "[No Variations]"
Add component (AddParameter): Name = "Height"; Value = "4mm"; VariantName = "[No Variations]"
Add component (AddParameter): Name = "Manufacturer_Name"; Value = "Avago Technologies"; VariantName = "[No Variations]"
Add component (AddParameter): Name = "Manufacturer_Part_Number"; Value = "HDSM-433C"; VariantName = "[No Variations]"
Add component (AddParameter): Name = "Mouser Part Number"; Value = "630-HDSM-433C"; VariantName = "[No Variations]"
Add component (AddParameter): Name = "Mouser Price/Stock"; Value = "https://www.mouser.com/Search/Refine.aspx?Keyword=630-HDSM-433C"; VariantName = "[No Variations]"
Add component (AddParameter): Name = "RS Part Number"; Value = "1783057"; VariantName = "[No Variations]"
Add component (AddParameter): Name = "RS Price/Stock"; Value = "http://uk.rs-online.com/web/p/products/1783057"; VariantName = "[No Variations]"
Added Component: Designator=R1(R1206)
Add component (AddParameter): Name = "LatestRevisionDate"; Value = "03-11-2016"; VariantName = "[No Variations]"
Add component (AddParameter): Name = "LatestRevisionNote"; Value = "Creation"; VariantName = "[No Variations]"
Add component (AddParameter): Name = "PackageDescription"; Value = "Chip Resistor, Body 3.2x1.6mm, IPC Medium Density"; VariantName = "[No Variations]"
Add component (AddParameter): Name = "PackageReference"; Value = "R1206"; VariantName = "[No Variations]"
Add component (AddParameter): Name = "Published"; Value = "03-11-2016"; VariantName = "[No Variations]"
Add component (AddParameter): Name = "Publisher"; Value = "Windesheim"; VariantName = "[No Variations]"
Add component (AddParameter): Name = "Value"; Value = "330"; VariantName = "[No Variations]"
Added Component: Designator=R2(R1206)
Add component (AddParameter): Name = "LatestRevisionDate"; Value = "03-11-2016"; VariantName = "[No Variations]"
Add component (AddParameter): Name = "LatestRevisionNote"; Value = "Creation"; VariantName = "[No Variations]"
Add component (AddParameter): Name = "PackageDescription"; Value = "Chip Resistor, Body 3.2x1.6mm, IPC Medium Density"; VariantName = "[No Variations]"
Add component (AddParameter): Name = "PackageReference"; Value = "R1206"; VariantName = "[No Variations]"
Add component (AddParameter): Name = "Published"; Value = "03-11-2016"; VariantName = "[No Variations]"
Add component (AddParameter): Name = "Publisher"; Value = "Windesheim"; VariantName = "[No Variations]"
Add component (AddParameter): Name = "Value"; Value = "330"; VariantName = "[No Variations]"
Added Component: Designator=R3(R1206)
Add component (AddParameter): Name = "LatestRevisionDate"; Value = "03-11-2016"; VariantName = "[No Variations]"
Add component (AddParameter): Name = "LatestRevisionNote"; Value = "Creation"; VariantName = "[No Variations]"
Add component (AddParameter): Name = "PackageDescription"; Value = "Chip Resistor, Body 3.2x1.6mm, IPC Medium Density"; VariantName = "[No Variations]"
Add component (AddParameter): Name = "PackageReference"; Value = "R1206"; VariantName = "[No Variations]"
Add component (AddParameter): Name = "Published"; Value = "03-11-2016"; VariantName = "[No Variations]"
Add component (AddParameter): Name = "Publisher"; Value = "Windesheim"; VariantName = "[No Variations]"
Add component (AddParameter): Name = "Value"; Value = "330"; VariantName = "[No Variations]"
Added Component: Designator=R4(R1206)
Add component (AddParameter): Name = "LatestRevisionDate"; Value = "03-11-2016"; VariantName = "[No Variations]"
Add component (AddParameter): Name = "LatestRevisionNote"; Value = "Creation"; VariantName = "[No Variations]"
Add component (AddParameter): Name = "PackageDescription"; Value = "Chip Resistor, Body 3.2x1.6mm, IPC Medium Density"; VariantName = "[No Variations]"
Add component (AddParameter): Name = "PackageReference"; Value = "R1206"; VariantName = "[No Variations]"
Add component (AddParameter): Name = "Published"; Value = "03-11-2016"; VariantName = "[No Variations]"
Add component (AddParameter): Name = "Publisher"; Value = "Windesheim"; VariantName = "[No Variations]"
Add component (AddParameter): Name = "Value"; Value = "330"; VariantName = "[No Variations]"
Added Component: Designator=R5(R1206)
Add component (AddParameter): Name = "LatestRevisionDate"; Value = "03-11-2016"; VariantName = "[No Variations]"
Add component (AddParameter): Name = "LatestRevisionNote"; Value = "Creation"; VariantName = "[No Variations]"
Add component (AddParameter): Name = "PackageDescription"; Value = "Chip Resistor, Body 3.2x1.6mm, IPC Medium Density"; VariantName = "[No Variations]"
Add component (AddParameter): Name = "PackageReference"; Value = "R1206"; VariantName = "[No Variations]"
Add component (AddParameter): Name = "Published"; Value = "03-11-2016"; VariantName = "[No Variations]"
Add component (AddParameter): Name = "Publisher"; Value = "Windesheim"; VariantName = "[No Variations]"
Add component (AddParameter): Name = "Value"; Value = "330"; VariantName = "[No Variations]"
Added Component: Designator=R6(R1206)
Add component (AddParameter): Name = "LatestRevisionDate"; Value = "03-11-2016"; VariantName = "[No Variations]"
Add component (AddParameter): Name = "LatestRevisionNote"; Value = "Creation"; VariantName = "[No Variations]"
Add component (AddParameter): Name = "PackageDescription"; Value = "Chip Resistor, Body 3.2x1.6mm, IPC Medium Density"; VariantName = "[No Variations]"
Add component (AddParameter): Name = "PackageReference"; Value = "R1206"; VariantName = "[No Variations]"
Add component (AddParameter): Name = "Published"; Value = "03-11-2016"; VariantName = "[No Variations]"
Add component (AddParameter): Name = "Publisher"; Value = "Windesheim"; VariantName = "[No Variations]"
Add component (AddParameter): Name = "Value"; Value = "330"; VariantName = "[No Variations]"
Added Component: Designator=R7(R1206)
Add component (AddParameter): Name = "LatestRevisionDate"; Value = "03-11-2016"; VariantName = "[No Variations]"
Add component (AddParameter): Name = "LatestRevisionNote"; Value = "Creation"; VariantName = "[No Variations]"
Add component (AddParameter): Name = "PackageDescription"; Value = "Chip Resistor, Body 3.2x1.6mm, IPC Medium Density"; VariantName = "[No Variations]"
Add component (AddParameter): Name = "PackageReference"; Value = "R1206"; VariantName = "[No Variations]"
Add component (AddParameter): Name = "Published"; Value = "03-11-2016"; VariantName = "[No Variations]"
Add component (AddParameter): Name = "Publisher"; Value = "Windesheim"; VariantName = "[No Variations]"
Add component (AddParameter): Name = "Value"; Value = "330"; VariantName = "[No Variations]"
Added Component: Designator=R8(R1206)
Add component (AddParameter): Name = "LatestRevisionDate"; Value = "03-11-2016"; VariantName = "[No Variations]"
Add component (AddParameter): Name = "LatestRevisionNote"; Value = "Creation"; VariantName = "[No Variations]"
Add component (AddParameter): Name = "PackageDescription"; Value = "Chip Resistor, Body 3.2x1.6mm, IPC Medium Density"; VariantName = "[No Variations]"
Add component (AddParameter): Name = "PackageReference"; Value = "R1206"; VariantName = "[No Variations]"
Add component (AddParameter): Name = "Published"; Value = "03-11-2016"; VariantName = "[No Variations]"
Add component (AddParameter): Name = "Publisher"; Value = "Windesheim"; VariantName = "[No Variations]"
Add component (AddParameter): Name = "Value"; Value = "330"; VariantName = "[No Variations]"
Added Component: Designator=R9(R1206)
Add component (AddParameter): Name = "LatestRevisionDate"; Value = "03-11-2016"; VariantName = "[No Variations]"
Add component (AddParameter): Name = "LatestRevisionNote"; Value = "Creation"; VariantName = "[No Variations]"
Add component (AddParameter): Name = "PackageDescription"; Value = "Chip Resistor, Body 3.2x1.6mm, IPC Medium Density"; VariantName = "[No Variations]"
Add component (AddParameter): Name = "PackageReference"; Value = "R1206"; VariantName = "[No Variations]"
Add component (AddParameter): Name = "Published"; Value = "03-11-2016"; VariantName = "[No Variations]"
Add component (AddParameter): Name = "Publisher"; Value = "Windesheim"; VariantName = "[No Variations]"
Add component (AddParameter): Name = "Value"; Value = "330"; VariantName = "[No Variations]"
Added Component: Designator=R10(R1206)
Add component (AddParameter): Name = "LatestRevisionDate"; Value = "03-11-2016"; VariantName = "[No Variations]"
Add component (AddParameter): Name = "LatestRevisionNote"; Value = "Creation"; VariantName = "[No Variations]"
Add component (AddParameter): Name = "PackageDescription"; Value = "Chip Resistor, Body 3.2x1.6mm, IPC Medium Density"; VariantName = "[No Variations]"
Add component (AddParameter): Name = "PackageReference"; Value = "R1206"; VariantName = "[No Variations]"
Add component (AddParameter): Name = "Published"; Value = "03-11-2016"; VariantName = "[No Variations]"
Add component (AddParameter): Name = "Publisher"; Value = "Windesheim"; VariantName = "[No Variations]"
Add component (AddParameter): Name = "Value"; Value = "330"; VariantName = "[No Variations]"
Added Component: Designator=R11(R1206)
Add component (AddParameter): Name = "LatestRevisionDate"; Value = "03-11-2016"; VariantName = "[No Variations]"
Add component (AddParameter): Name = "LatestRevisionNote"; Value = "Creation"; VariantName = "[No Variations]"
Add component (AddParameter): Name = "PackageDescription"; Value = "Chip Resistor, Body 3.2x1.6mm, IPC Medium Density"; VariantName = "[No Variations]"
Add component (AddParameter): Name = "PackageReference"; Value = "R1206"; VariantName = "[No Variations]"
Add component (AddParameter): Name = "Published"; Value = "03-11-2016"; VariantName = "[No Variations]"
Add component (AddParameter): Name = "Publisher"; Value = "Windesheim"; VariantName = "[No Variations]"
Add component (AddParameter): Name = "Value"; Value = "330"; VariantName = "[No Variations]"
Added Component: Designator=R12(R1206)
Add component (AddParameter): Name = "LatestRevisionDate"; Value = "03-11-2016"; VariantName = "[No Variations]"
Add component (AddParameter): Name = "LatestRevisionNote"; Value = "Creation"; VariantName = "[No Variations]"
Add component (AddParameter): Name = "PackageDescription"; Value = "Chip Resistor, Body 3.2x1.6mm, IPC Medium Density"; VariantName = "[No Variations]"
Add component (AddParameter): Name = "PackageReference"; Value = "R1206"; VariantName = "[No Variations]"
Add component (AddParameter): Name = "Published"; Value = "03-11-2016"; VariantName = "[No Variations]"
Add component (AddParameter): Name = "Publisher"; Value = "Windesheim"; VariantName = "[No Variations]"
Add component (AddParameter): Name = "Value"; Value = "330"; VariantName = "[No Variations]"
Added Component: Designator=R13(R1206)
Add component (AddParameter): Name = "LatestRevisionDate"; Value = "03-11-2016"; VariantName = "[No Variations]"
Add component (AddParameter): Name = "LatestRevisionNote"; Value = "Creation"; VariantName = "[No Variations]"
Add component (AddParameter): Name = "PackageDescription"; Value = "Chip Resistor, Body 3.2x1.6mm, IPC Medium Density"; VariantName = "[No Variations]"
Add component (AddParameter): Name = "PackageReference"; Value = "R1206"; VariantName = "[No Variations]"
Add component (AddParameter): Name = "Published"; Value = "03-11-2016"; VariantName = "[No Variations]"
Add component (AddParameter): Name = "Publisher"; Value = "Windesheim"; VariantName = "[No Variations]"
Add component (AddParameter): Name = "Value"; Value = "330"; VariantName = "[No Variations]"
Added Component: Designator=R14(R1206)
Add component (AddParameter): Name = "LatestRevisionDate"; Value = "03-11-2016"; VariantName = "[No Variations]"
Add component (AddParameter): Name = "LatestRevisionNote"; Value = "Creation"; VariantName = "[No Variations]"
Add component (AddParameter): Name = "PackageDescription"; Value = "Chip Resistor, Body 3.2x1.6mm, IPC Medium Density"; VariantName = "[No Variations]"
Add component (AddParameter): Name = "PackageReference"; Value = "R1206"; VariantName = "[No Variations]"
Add component (AddParameter): Name = "Published"; Value = "03-11-2016"; VariantName = "[No Variations]"
Add component (AddParameter): Name = "Publisher"; Value = "Windesheim"; VariantName = "[No Variations]"
Add component (AddParameter): Name = "Value"; Value = "330"; VariantName = "[No Variations]"
Added Component: Designator=R17(R1206)
Add component (AddParameter): Name = "LatestRevisionDate"; Value = "03-11-2016"; VariantName = "[No Variations]"
Add component (AddParameter): Name = "LatestRevisionNote"; Value = "Creation"; VariantName = "[No Variations]"
Add component (AddParameter): Name = "PackageDescription"; Value = "Chip Resistor, Body 3.2x1.6mm, IPC Medium Density"; VariantName = "[No Variations]"
Add component (AddParameter): Name = "PackageReference"; Value = "R1206"; VariantName = "[No Variations]"
Add component (AddParameter): Name = "Published"; Value = "03-11-2016"; VariantName = "[No Variations]"
Add component (AddParameter): Name = "Publisher"; Value = "Windesheim"; VariantName = "[No Variations]"
Add component (AddParameter): Name = "Value"; Value = "1K"; VariantName = "[No Variations]"
Added Component: Designator=R18(R1206)
Add component (AddParameter): Name = "LatestRevisionDate"; Value = "03-11-2016"; VariantName = "[No Variations]"
Add component (AddParameter): Name = "LatestRevisionNote"; Value = "Creation"; VariantName = "[No Variations]"
Add component (AddParameter): Name = "PackageDescription"; Value = "Chip Resistor, Body 3.2x1.6mm, IPC Medium Density"; VariantName = "[No Variations]"
Add component (AddParameter): Name = "PackageReference"; Value = "R1206"; VariantName = "[No Variations]"
Add component (AddParameter): Name = "Published"; Value = "03-11-2016"; VariantName = "[No Variations]"
Add component (AddParameter): Name = "Publisher"; Value = "Windesheim"; VariantName = "[No Variations]"
Add component (AddParameter): Name = "Value"; Value = "1K"; VariantName = "[No Variations]"
Added Component: Designator=R19(R1206)
Add component (AddParameter): Name = "LatestRevisionDate"; Value = "03-11-2016"; VariantName = "[No Variations]"
Add component (AddParameter): Name = "LatestRevisionNote"; Value = "Creation"; VariantName = "[No Variations]"
Add component (AddParameter): Name = "PackageDescription"; Value = "Chip Resistor, Body 3.2x1.6mm, IPC Medium Density"; VariantName = "[No Variations]"
Add component (AddParameter): Name = "PackageReference"; Value = "R1206"; VariantName = "[No Variations]"
Add component (AddParameter): Name = "Published"; Value = "03-11-2016"; VariantName = "[No Variations]"
Add component (AddParameter): Name = "Publisher"; Value = "Windesheim"; VariantName = "[No Variations]"
Add component (AddParameter): Name = "Value"; Value = "10K"; VariantName = "[No Variations]"
Added Component: Designator=R20(R1206)
Add component (AddParameter): Name = "LatestRevisionDate"; Value = "03-11-2016"; VariantName = "[No Variations]"
Add component (AddParameter): Name = "LatestRevisionNote"; Value = "Creation"; VariantName = "[No Variations]"
Add component (AddParameter): Name = "PackageDescription"; Value = "Chip Resistor, Body 3.2x1.6mm, IPC Medium Density"; VariantName = "[No Variations]"
Add component (AddParameter): Name = "PackageReference"; Value = "R1206"; VariantName = "[No Variations]"
Add component (AddParameter): Name = "Published"; Value = "03-11-2016"; VariantName = "[No Variations]"
Add component (AddParameter): Name = "Publisher"; Value = "Windesheim"; VariantName = "[No Variations]"
Add component (AddParameter): Name = "Value"; Value = "10K"; VariantName = "[No Variations]"
Added Component: Designator=S1(1478731)
Add component (AddParameter): Name = "Datasheet Link"; Value = "https://componentsearchengine.com/Datasheets/1/147873-1.pdf"; VariantName = "[No Variations]"
Add component (AddParameter): Name = "Height"; Value = "5mm"; VariantName = "[No Variations]"
Add component (AddParameter): Name = "Manufacturer_Name"; Value = "TE Connectivity"; VariantName = "[No Variations]"
Add component (AddParameter): Name = "Manufacturer_Part_Number"; Value = "147873-1"; VariantName = "[No Variations]"
Add component (AddParameter): Name = "Mouser Part Number"; Value = "506-147873-1"; VariantName = "[No Variations]"
Add component (AddParameter): Name = "Mouser Price/Stock"; Value = "https://www.mouser.com/Search/Refine.aspx?Keyword=506-147873-1"; VariantName = "[No Variations]"
Added Component: Designator=S2(1478731)
Add component (AddParameter): Name = "Datasheet Link"; Value = "https://componentsearchengine.com/Datasheets/1/147873-1.pdf"; VariantName = "[No Variations]"
Add component (AddParameter): Name = "Height"; Value = "5mm"; VariantName = "[No Variations]"
Add component (AddParameter): Name = "Manufacturer_Name"; Value = "TE Connectivity"; VariantName = "[No Variations]"
Add component (AddParameter): Name = "Manufacturer_Part_Number"; Value = "147873-1"; VariantName = "[No Variations]"
Add component (AddParameter): Name = "Mouser Part Number"; Value = "506-147873-1"; VariantName = "[No Variations]"
Add component (AddParameter): Name = "Mouser Price/Stock"; Value = "https://www.mouser.com/Search/Refine.aspx?Keyword=506-147873-1"; VariantName = "[No Variations]"
Added Component: Designator=U1(NS0016A_N)
Add component (AddParameter): Name = "Bits(#)"; Value = "4"; VariantName = "[No Variations]"
Add component (AddParameter): Name = "DatasheetVersion"; Value = "SCHS071B"; VariantName = "[No Variations]"
Add component (AddParameter): Name = "F @ Nom Voltage(Max)(Mhz)"; Value = "8"; VariantName = "[No Variations]"
Add component (AddParameter): Name = "Function"; Value = "Counter"; VariantName = "[No Variations]"
Add component (AddParameter): Name = "Generic Part Number"; Value = "CD4510B"; VariantName = "[No Variations]"
Add component (AddParameter): Name = "ICC @ Nom Voltage(Max)(mA)"; Value = "0.03"; VariantName = "[No Variations]"
Add component (AddParameter): Name = "Input Type"; Value = "CMOS"; VariantName = "[No Variations]"
Add component (AddParameter): Name = "Inputs"; Value = "1"; VariantName = "[No Variations]"
Add component (AddParameter): Name = "Manufacturer"; Value = "Texas Instruments"; VariantName = "[No Variations]"
Add component (AddParameter): Name = "Operating Temperature Range(C)"; Value = "-55 to 125"; VariantName = "[No Variations]"
Add component (AddParameter): Name = "Output Drive (IOL/IOH)(Max)(mA)"; Value = "1.5/-1.5"; VariantName = "[No Variations]"
Add component (AddParameter): Name = "Output Type"; Value = "CMOS"; VariantName = "[No Variations]"
Add component (AddParameter): Name = "PackageReference"; Value = "NS0016A"; VariantName = "[No Variations]"
Add component (AddParameter): Name = "Rating"; Value = "Catalog"; VariantName = "[No Variations]"
Add component (AddParameter): Name = "Schmitt Trigger"; Value = "No"; VariantName = "[No Variations]"
Add component (AddParameter): Name = "Technology Family"; Value = "CD4000"; VariantName = "[No Variations]"
Add component (AddParameter): Name = "tpd @ Nom Voltage(Max)(ns)"; Value = "200"; VariantName = "[No Variations]"
Add component (AddParameter): Name = "Type"; Value = "Other"; VariantName = "[No Variations]"
Add component (AddParameter): Name = "VCC(Max)(V)"; Value = "18"; VariantName = "[No Variations]"
Add component (AddParameter): Name = "VCC(Min)(V)"; Value = "3"; VariantName = "[No Variations]"
Add component (AddParameter): Name = "Voltage(Nom)(V)"; Value = "5,10,15"; VariantName = "[No Variations]"
Added Component: Designator=U2(TI-NS16_N)
Add component (AddParameter): Name = "ComponentLink1Description"; Value = "Manufacturer URL"; VariantName = "[No Variations]"
Add component (AddParameter): Name = "ComponentLink1URL"; Value = "http://www.ti.com/"; VariantName = "[No Variations]"
Add component (AddParameter): Name = "ComponentLink2Description"; Value = "Datasheet"; VariantName = "[No Variations]"
Add component (AddParameter): Name = "ComponentLink2URL"; Value = "http://www.ti.com/general/docs/lit/getliterature.tsp?genericPartNumber=CD4511B&fileType=pdf"; VariantName = "[No Variations]"
Add component (AddParameter): Name = "ComponentLink3Description"; Value = "Package Specification"; VariantName = "[No Variations]"
Add component (AddParameter): Name = "ComponentLink3URL"; Value = "http://www.ti.com/litv/pdf/msop002a"; VariantName = "[No Variations]"
Add component (AddParameter): Name = "DatasheetVersion"; Value = "SCHS072B"; VariantName = "[No Variations]"
Add component (AddParameter): Name = "Eco-Plan"; Value = "Green (RoHS & no Sb/Br)"; VariantName = "[No Variations]"
Add component (AddParameter): Name = "Manufacturer"; Value = "Texas Instruments"; VariantName = "[No Variations]"
Add component (AddParameter): Name = "Mounting Technology"; Value = "Surface Mount"; VariantName = "[No Variations]"
Add component (AddParameter): Name = "PackageDescription"; Value = "16-Pin Plastic Small Outline, Body 10.20 x 5.30 mm, Pitch 1.27 mm"; VariantName = "[No Variations]"
Add component (AddParameter): Name = "PackageReference"; Value = "NS16"; VariantName = "[No Variations]"
Add component (AddParameter): Name = "PackageVersion"; Value = "4040062/C"; VariantName = "[No Variations]"
Add component (AddParameter): Name = "PartNumber"; Value = "CD4511BNSR"; VariantName = "[No Variations]"
Add component (AddParameter): Name = "Rating"; Value = "Military"; VariantName = "[No Variations]"
Add component (AddParameter): Name = "SubFamily"; Value = "Discrete Segment LED Driver"; VariantName = "[No Variations]"
Add component (AddParameter): Name = "Vin(Max)(V)"; Value = "18"; VariantName = "[No Variations]"
Add component (AddParameter): Name = "Vin(Min)(V)"; Value = "3"; VariantName = "[No Variations]"
Added Component: Designator=U3(NS0016A_N)
Add component (AddParameter): Name = "Bits(#)"; Value = "4"; VariantName = "[No Variations]"
Add component (AddParameter): Name = "DatasheetVersion"; Value = "SCHS071B"; VariantName = "[No Variations]"
Add component (AddParameter): Name = "F @ Nom Voltage(Max)(Mhz)"; Value = "8"; VariantName = "[No Variations]"
Add component (AddParameter): Name = "Function"; Value = "Counter"; VariantName = "[No Variations]"
Add component (AddParameter): Name = "Generic Part Number"; Value = "CD4510B"; VariantName = "[No Variations]"
Add component (AddParameter): Name = "ICC @ Nom Voltage(Max)(mA)"; Value = "0.03"; VariantName = "[No Variations]"
Add component (AddParameter): Name = "Input Type"; Value = "CMOS"; VariantName = "[No Variations]"
Add component (AddParameter): Name = "Inputs"; Value = "1"; VariantName = "[No Variations]"
Add component (AddParameter): Name = "Manufacturer"; Value = "Texas Instruments"; VariantName = "[No Variations]"
Add component (AddParameter): Name = "Operating Temperature Range(C)"; Value = "-55 to 125"; VariantName = "[No Variations]"
Add component (AddParameter): Name = "Output Drive (IOL/IOH)(Max)(mA)"; Value = "1.5/-1.5"; VariantName = "[No Variations]"
Add component (AddParameter): Name = "Output Type"; Value = "CMOS"; VariantName = "[No Variations]"
Add component (AddParameter): Name = "PackageReference"; Value = "NS0016A"; VariantName = "[No Variations]"
Add component (AddParameter): Name = "Rating"; Value = "Catalog"; VariantName = "[No Variations]"
Add component (AddParameter): Name = "Schmitt Trigger"; Value = "No"; VariantName = "[No Variations]"
Add component (AddParameter): Name = "Technology Family"; Value = "CD4000"; VariantName = "[No Variations]"
Add component (AddParameter): Name = "tpd @ Nom Voltage(Max)(ns)"; Value = "200"; VariantName = "[No Variations]"
Add component (AddParameter): Name = "Type"; Value = "Other"; VariantName = "[No Variations]"
Add component (AddParameter): Name = "VCC(Max)(V)"; Value = "18"; VariantName = "[No Variations]"
Add component (AddParameter): Name = "VCC(Min)(V)"; Value = "3"; VariantName = "[No Variations]"
Add component (AddParameter): Name = "Voltage(Nom)(V)"; Value = "5,10,15"; VariantName = "[No Variations]"
Added Component: Designator=U4(TI-NS16_N)
Add component (AddParameter): Name = "ComponentLink1Description"; Value = "Manufacturer URL"; VariantName = "[No Variations]"
Add component (AddParameter): Name = "ComponentLink1URL"; Value = "http://www.ti.com/"; VariantName = "[No Variations]"
Add component (AddParameter): Name = "ComponentLink2Description"; Value = "Datasheet"; VariantName = "[No Variations]"
Add component (AddParameter): Name = "ComponentLink2URL"; Value = "http://www.ti.com/general/docs/lit/getliterature.tsp?genericPartNumber=CD4511B&fileType=pdf"; VariantName = "[No Variations]"
Add component (AddParameter): Name = "ComponentLink3Description"; Value = "Package Specification"; VariantName = "[No Variations]"
Add component (AddParameter): Name = "ComponentLink3URL"; Value = "http://www.ti.com/litv/pdf/msop002a"; VariantName = "[No Variations]"
Add component (AddParameter): Name = "DatasheetVersion"; Value = "SCHS072B"; VariantName = "[No Variations]"
Add component (AddParameter): Name = "Eco-Plan"; Value = "Green (RoHS & no Sb/Br)"; VariantName = "[No Variations]"
Add component (AddParameter): Name = "Manufacturer"; Value = "Texas Instruments"; VariantName = "[No Variations]"
Add component (AddParameter): Name = "Mounting Technology"; Value = "Surface Mount"; VariantName = "[No Variations]"
Add component (AddParameter): Name = "PackageDescription"; Value = "16-Pin Plastic Small Outline, Body 10.20 x 5.30 mm, Pitch 1.27 mm"; VariantName = "[No Variations]"
Add component (AddParameter): Name = "PackageReference"; Value = "NS16"; VariantName = "[No Variations]"
Add component (AddParameter): Name = "PackageVersion"; Value = "4040062/C"; VariantName = "[No Variations]"
Add component (AddParameter): Name = "PartNumber"; Value = "CD4511BNSR"; VariantName = "[No Variations]"
Add component (AddParameter): Name = "Rating"; Value = "Military"; VariantName = "[No Variations]"
Add component (AddParameter): Name = "SubFamily"; Value = "Discrete Segment LED Driver"; VariantName = "[No Variations]"
Add component (AddParameter): Name = "Vin(Max)(V)"; Value = "18"; VariantName = "[No Variations]"
Add component (AddParameter): Name = "Vin(Min)(V)"; Value = "3"; VariantName = "[No Variations]"
Added Component: Designator=U6(D0014A_N)
Add component (AddParameter): Name = "Bits(#)"; Value = "4"; VariantName = "[No Variations]"
Add component (AddParameter): Name = "Code_JEDEC"; Value = "MS-012"; VariantName = "[No Variations]"
Add component (AddParameter): Name = "DatasheetVersion"; Value = "SCHS115D"; VariantName = "[No Variations]"
Add component (AddParameter): Name = "F @ Nom Voltage(Max)(Mhz)"; Value = "8"; VariantName = "[No Variations]"
Add component (AddParameter): Name = "Generic Part Number"; Value = "CD4093B"; VariantName = "[No Variations]"
Add component (AddParameter): Name = "ICC @ Nom Voltage(Max)(mA)"; Value = "0.06"; VariantName = "[No Variations]"
Add component (AddParameter): Name = "Input Type"; Value = "CMOS"; VariantName = "[No Variations]"
Add component (AddParameter): Name = "Manufacturer"; Value = "Texas Instruments"; VariantName = "[No Variations]"
Add component (AddParameter): Name = "Operating Temperature Range(C)"; Value = "-55 to 125"; VariantName = "[No Variations]"
Add component (AddParameter): Name = "Output Drive (IOL/IOH)(Max)(mA)"; Value = "1.5/-1.5"; VariantName = "[No Variations]"
Add component (AddParameter): Name = "Output Type"; Value = "CMOS"; VariantName = "[No Variations]"
Add component (AddParameter): Name = "PackageReference"; Value = "D0014A"; VariantName = "[No Variations]"
Add component (AddParameter): Name = "Rating"; Value = "Catalog"; VariantName = "[No Variations]"
Add component (AddParameter): Name = "Schmitt Trigger"; Value = "Yes"; VariantName = "[No Variations]"
Add component (AddParameter): Name = "Technology Family"; Value = "CD4000"; VariantName = "[No Variations]"
Add component (AddParameter): Name = "VCC(Max)(V)"; Value = "18"; VariantName = "[No Variations]"
Add component (AddParameter): Name = "VCC(Min)(V)"; Value = "3"; VariantName = "[No Variations]"
Add component (AddParameter): Name = "Voltage(Nom)(V)"; Value = "10"; VariantName = "[No Variations]"
Added Component: Designator=U8(D0014A_N)
Add component (AddParameter): Name = "Bits(#)"; Value = "4"; VariantName = "[No Variations]"
Add component (AddParameter): Name = "Code_JEDEC"; Value = "MS-012"; VariantName = "[No Variations]"
Add component (AddParameter): Name = "DatasheetVersion"; Value = "SCHS115D"; VariantName = "[No Variations]"
Add component (AddParameter): Name = "F @ Nom Voltage(Max)(Mhz)"; Value = "8"; VariantName = "[No Variations]"
Add component (AddParameter): Name = "Generic Part Number"; Value = "CD4093B"; VariantName = "[No Variations]"
Add component (AddParameter): Name = "ICC @ Nom Voltage(Max)(mA)"; Value = "0.06"; VariantName = "[No Variations]"
Add component (AddParameter): Name = "Input Type"; Value = "CMOS"; VariantName = "[No Variations]"
Add component (AddParameter): Name = "Manufacturer"; Value = "Texas Instruments"; VariantName = "[No Variations]"
Add component (AddParameter): Name = "Operating Temperature Range(C)"; Value = "-55 to 125"; VariantName = "[No Variations]"
Add component (AddParameter): Name = "Output Drive (IOL/IOH)(Max)(mA)"; Value = "1.5/-1.5"; VariantName = "[No Variations]"
Add component (AddParameter): Name = "Output Type"; Value = "CMOS"; VariantName = "[No Variations]"
Add component (AddParameter): Name = "PackageReference"; Value = "D0014A"; VariantName = "[No Variations]"
Add component (AddParameter): Name = "Rating"; Value = "Catalog"; VariantName = "[No Variations]"
Add component (AddParameter): Name = "Schmitt Trigger"; Value = "Yes"; VariantName = "[No Variations]"
Add component (AddParameter): Name = "Technology Family"; Value = "CD4000"; VariantName = "[No Variations]"
Add component (AddParameter): Name = "VCC(Max)(V)"; Value = "18"; VariantName = "[No Variations]"
Add component (AddParameter): Name = "VCC(Min)(V)"; Value = "3"; VariantName = "[No Variations]"
Add component (AddParameter): Name = "Voltage(Nom)(V)"; Value = "10"; VariantName = "[No Variations]"
Added Pin To Net: NetName=CarryM Pin=U3-7
Added Pin To Net: NetName=CarryM Pin=U6-2
Added Net: Name=CarryM
Added Pin To Net: NetName=CarryOUT Pin=U1-7
Added Pin To Net: NetName=CarryOUT Pin=U3-5
Added Pin To Net: NetName=CarryOUT Pin=U6-1
Added Net: Name=CarryOUT
Added Pin To Net: NetName=Clock Pin=C1-1
Added Pin To Net: NetName=Clock Pin=R17-2
Added Pin To Net: NetName=Clock Pin=U1-15
Added Pin To Net: NetName=Clock Pin=U3-15
Added Pin To Net: NetName=Clock Pin=U8-2
Added Net: Name=Clock
Added Pin To Net: NetName=GND Pin=C1-2
Added Pin To Net: NetName=GND Pin=C2-1
Added Pin To Net: NetName=GND Pin=C3-2
Added Pin To Net: NetName=GND Pin=C4-2
Added Pin To Net: NetName=GND Pin=C5-1
Added Pin To Net: NetName=GND Pin=C6-1
Added Pin To Net: NetName=GND Pin=C7-1
Added Pin To Net: NetName=GND Pin=DS1-3
Added Pin To Net: NetName=GND Pin=DS1-5
Added Pin To Net: NetName=GND Pin=DS1-8
Added Pin To Net: NetName=GND Pin=DS2-3
Added Pin To Net: NetName=GND Pin=DS2-5
Added Pin To Net: NetName=GND Pin=DS2-8
Added Pin To Net: NetName=GND Pin=R19-2
Added Pin To Net: NetName=GND Pin=R20-2
Added Pin To Net: NetName=GND Pin=U1-3
Added Pin To Net: NetName=GND Pin=U1-4
Added Pin To Net: NetName=GND Pin=U1-5
Added Pin To Net: NetName=GND Pin=U1-8
Added Pin To Net: NetName=GND Pin=U1-9
Added Pin To Net: NetName=GND Pin=U1-10
Added Pin To Net: NetName=GND Pin=U1-12
Added Pin To Net: NetName=GND Pin=U1-13
Added Pin To Net: NetName=GND Pin=U2-5
Added Pin To Net: NetName=GND Pin=U2-8
Added Pin To Net: NetName=GND Pin=U3-3
Added Pin To Net: NetName=GND Pin=U3-4
Added Pin To Net: NetName=GND Pin=U3-8
Added Pin To Net: NetName=GND Pin=U3-9
Added Pin To Net: NetName=GND Pin=U3-10
Added Pin To Net: NetName=GND Pin=U3-12
Added Pin To Net: NetName=GND Pin=U3-13
Added Pin To Net: NetName=GND Pin=U4-5
Added Pin To Net: NetName=GND Pin=U4-8
Added Pin To Net: NetName=GND Pin=U6-7
Added Pin To Net: NetName=GND Pin=U8-7
Added Pin To Net: NetName=GND Pin=U8-12
Added Pin To Net: NetName=GND Pin=U8-13
Added Net: Name=GND
Added Pin To Net: NetName=NetDS1_1 Pin=DS1-1
Added Pin To Net: NetName=NetDS1_1 Pin=R5-2
Added Net: Name=NetDS1_1
Added Pin To Net: NetName=NetDS1_2 Pin=DS1-2
Added Pin To Net: NetName=NetDS1_2 Pin=R4-2
Added Net: Name=NetDS1_2
Added Pin To Net: NetName=NetDS1_4 Pin=DS1-4
Added Pin To Net: NetName=NetDS1_4 Pin=R3-2
Added Net: Name=NetDS1_4
Added Pin To Net: NetName=NetDS1_6 Pin=DS1-6
Added Pin To Net: NetName=NetDS1_6 Pin=R2-2
Added Net: Name=NetDS1_6
Added Pin To Net: NetName=NetDS1_7 Pin=DS1-7
Added Pin To Net: NetName=NetDS1_7 Pin=R1-2
Added Net: Name=NetDS1_7
Added Pin To Net: NetName=NetDS1_9 Pin=DS1-9
Added Pin To Net: NetName=NetDS1_9 Pin=R6-2
Added Net: Name=NetDS1_9
Added Pin To Net: NetName=NetDS1_10 Pin=DS1-10
Added Pin To Net: NetName=NetDS1_10 Pin=R7-2
Added Net: Name=NetDS1_10
Added Pin To Net: NetName=NetDS2_1 Pin=DS2-1
Added Pin To Net: NetName=NetDS2_1 Pin=R12-2
Added Net: Name=NetDS2_1
Added Pin To Net: NetName=NetDS2_2 Pin=DS2-2
Added Pin To Net: NetName=NetDS2_2 Pin=R11-2
Added Net: Name=NetDS2_2
Added Pin To Net: NetName=NetDS2_4 Pin=DS2-4
Added Pin To Net: NetName=NetDS2_4 Pin=R10-2
Added Net: Name=NetDS2_4
Added Pin To Net: NetName=NetDS2_6 Pin=DS2-6
Added Pin To Net: NetName=NetDS2_6 Pin=R9-2
Added Net: Name=NetDS2_6
Added Pin To Net: NetName=NetDS2_7 Pin=DS2-7
Added Pin To Net: NetName=NetDS2_7 Pin=R8-2
Added Net: Name=NetDS2_7
Added Pin To Net: NetName=NetDS2_9 Pin=DS2-9
Added Pin To Net: NetName=NetDS2_9 Pin=R13-2
Added Net: Name=NetDS2_9
Added Pin To Net: NetName=NetDS2_10 Pin=DS2-10
Added Pin To Net: NetName=NetDS2_10 Pin=R14-2
Added Net: Name=NetDS2_10
Added Pin To Net: NetName=NetR1_1 Pin=R1-1
Added Pin To Net: NetName=NetR1_1 Pin=U2-13
Added Net: Name=NetR1_1
Added Pin To Net: NetName=NetR2_1 Pin=R2-1
Added Pin To Net: NetName=NetR2_1 Pin=U2-12
Added Net: Name=NetR2_1
Added Pin To Net: NetName=NetR3_1 Pin=R3-1
Added Pin To Net: NetName=NetR3_1 Pin=U2-11
Added Net: Name=NetR3_1
Added Pin To Net: NetName=NetR4_1 Pin=R4-1
Added Pin To Net: NetName=NetR4_1 Pin=U2-10
Added Net: Name=NetR4_1
Added Pin To Net: NetName=NetR5_1 Pin=R5-1
Added Pin To Net: NetName=NetR5_1 Pin=U2-9
Added Net: Name=NetR5_1
Added Pin To Net: NetName=NetR6_1 Pin=R6-1
Added Pin To Net: NetName=NetR6_1 Pin=U2-15
Added Net: Name=NetR6_1
Added Pin To Net: NetName=NetR7_1 Pin=R7-1
Added Pin To Net: NetName=NetR7_1 Pin=U2-14
Added Net: Name=NetR7_1
Added Pin To Net: NetName=NetR8_1 Pin=R8-1
Added Pin To Net: NetName=NetR8_1 Pin=U4-13
Added Net: Name=NetR8_1
Added Pin To Net: NetName=NetR9_1 Pin=R9-1
Added Pin To Net: NetName=NetR9_1 Pin=U4-12
Added Net: Name=NetR9_1
Added Pin To Net: NetName=NetR10_1 Pin=R10-1
Added Pin To Net: NetName=NetR10_1 Pin=U4-11
Added Net: Name=NetR10_1
Added Pin To Net: NetName=NetR11_1 Pin=R11-1
Added Pin To Net: NetName=NetR11_1 Pin=U4-10
Added Net: Name=NetR11_1
Added Pin To Net: NetName=NetR12_1 Pin=R12-1
Added Pin To Net: NetName=NetR12_1 Pin=U4-9
Added Net: Name=NetR12_1
Added Pin To Net: NetName=NetR13_1 Pin=R13-1
Added Pin To Net: NetName=NetR13_1 Pin=U4-15
Added Net: Name=NetR13_1
Added Pin To Net: NetName=NetR14_1 Pin=R14-1
Added Pin To Net: NetName=NetR14_1 Pin=U4-14
Added Net: Name=NetR14_1
Added Pin To Net: NetName=NetR17_1 Pin=R17-1
Added Pin To Net: NetName=NetR17_1 Pin=R18-2
Added Net: Name=NetR17_1
Added Pin To Net: NetName=NetR18_1 Pin=R18-1
Added Pin To Net: NetName=NetR18_1 Pin=U8-3
Added Net: Name=NetR18_1
Added Pin To Net: NetName=NetU1_2 Pin=U1-2
Added Pin To Net: NetName=NetU1_2 Pin=U2-6
Added Net: Name=NetU1_2
Added Pin To Net: NetName=NetU1_6 Pin=U1-6
Added Pin To Net: NetName=NetU1_6 Pin=U2-7
Added Net: Name=NetU1_6
Added Pin To Net: NetName=NetU1_11 Pin=U1-11
Added Pin To Net: NetName=NetU1_11 Pin=U2-1
Added Net: Name=NetU1_11
Added Pin To Net: NetName=NetU1_14 Pin=U1-14
Added Pin To Net: NetName=NetU1_14 Pin=U2-2
Added Net: Name=NetU1_14
Added Pin To Net: NetName=NetU3_2 Pin=U3-2
Added Pin To Net: NetName=NetU3_2 Pin=U4-6
Added Net: Name=NetU3_2
Added Pin To Net: NetName=NetU3_6 Pin=U3-6
Added Pin To Net: NetName=NetU3_6 Pin=U4-7
Added Net: Name=NetU3_6
Added Pin To Net: NetName=NetU3_11 Pin=U3-11
Added Pin To Net: NetName=NetU3_11 Pin=U4-1
Added Net: Name=NetU3_11
Added Pin To Net: NetName=NetU3_14 Pin=U3-14
Added Pin To Net: NetName=NetU3_14 Pin=U4-2
Added Net: Name=NetU3_14
Added Pin To Net: NetName=NetU6_3 Pin=U6-3
Added Pin To Net: NetName=NetU6_3 Pin=U6-5
Added Pin To Net: NetName=NetU6_3 Pin=U6-6
Added Net: Name=NetU6_3
Added Pin To Net: NetName=NetU6_4 Pin=U6-4
Added Pin To Net: NetName=NetU6_4 Pin=U8-5
Added Net: Name=NetU6_4
Added Pin To Net: NetName=NetU8_4 Pin=U8-4
Added Pin To Net: NetName=NetU8_4 Pin=U8-8
Added Net: Name=NetU8_4
Added Pin To Net: NetName=PRESET Pin=R20-1
Added Pin To Net: NetName=PRESET Pin=S2-2
Added Pin To Net: NetName=PRESET Pin=U1-1
Added Pin To Net: NetName=PRESET Pin=U3-1
Added Net: Name=PRESET
Added Pin To Net: NetName=START Pin=R19-1
Added Pin To Net: NetName=START Pin=S1-2
Added Pin To Net: NetName=START Pin=U8-9
Added Net: Name=START
Added Pin To Net: NetName=STOP Pin=U8-1
Added Pin To Net: NetName=STOP Pin=U8-6
Added Pin To Net: NetName=STOP Pin=U8-10
Added Net: Name=STOP
Added Pin To Net: NetName=Vdd Pin=C2-2
Added Pin To Net: NetName=Vdd Pin=C3-1
Added Pin To Net: NetName=Vdd Pin=C4-1
Added Pin To Net: NetName=Vdd Pin=C5-2
Added Pin To Net: NetName=Vdd Pin=C6-2
Added Pin To Net: NetName=Vdd Pin=C7-2
Added Pin To Net: NetName=Vdd Pin=S1-1
Added Pin To Net: NetName=Vdd Pin=S2-1
Added Pin To Net: NetName=Vdd Pin=U1-16
Added Pin To Net: NetName=Vdd Pin=U2-3
Added Pin To Net: NetName=Vdd Pin=U2-4
Added Pin To Net: NetName=Vdd Pin=U2-16
Added Pin To Net: NetName=Vdd Pin=U3-16
Added Pin To Net: NetName=Vdd Pin=U4-3
Added Pin To Net: NetName=Vdd Pin=U4-4
Added Pin To Net: NetName=Vdd Pin=U4-16
Added Pin To Net: NetName=Vdd Pin=U6-8
Added Pin To Net: NetName=Vdd Pin=U6-9
Added Pin To Net: NetName=Vdd Pin=U6-12
Added Pin To Net: NetName=Vdd Pin=U6-13
Added Pin To Net: NetName=Vdd Pin=U6-14
Added Pin To Net: NetName=Vdd Pin=U8-14
Added Net: Name=Vdd
Added Class: Name=Display
Added Class: Name=Logic
Added Rule: Name=Schematic Supply Nets
Added Rule: Name=Schematic Supply Nets_1
