Added Component: Designator=R1(pot)
Added Component: Designator=T1(headers)
Added Component: Designator=T2(Terminal)
Added Component: Designator=U1(quad omamp 2*lm393)
Added Pin To Net: NetName=NetR1_1 Pin=R1-1
Added Pin To Net: NetName=NetR1_1 Pin=U1-9
Added Pin To Net: NetName=NetR1_1 Pin=U1-13
Added Net: Name=NetR1_1
Added Pin To Net: NetName=NetR1_2 Pin=R1-2
Added Pin To Net: NetName=NetR1_2 Pin=U1-2
Added Pin To Net: NetName=NetR1_2 Pin=U1-6
Added Pin To Net: NetName=NetR1_2 Pin=U1-11
Added Pin To Net: NetName=NetR1_2 Pin=U1-15
Added Net: Name=NetR1_2
Added Pin To Net: NetName=NetR1_3 Pin=R1-3
Added Pin To Net: NetName=NetR1_3 Pin=U1-4
Added Pin To Net: NetName=NetR1_3 Pin=U1-8
Added Net: Name=NetR1_3
Added Pin To Net: NetName=NetT1_1 Pin=T1-1
Added Pin To Net: NetName=NetT1_1 Pin=U1-3
Added Net: Name=NetT1_1
Added Pin To Net: NetName=NetT1_2 Pin=T1-2
Added Pin To Net: NetName=NetT1_2 Pin=U1-12
Added Net: Name=NetT1_2
Added Pin To Net: NetName=NetT1_3 Pin=T1-3
Added Pin To Net: NetName=NetT1_3 Pin=U1-7
Added Net: Name=NetT1_3
Added Pin To Net: NetName=NetT1_4 Pin=T1-4
Added Pin To Net: NetName=NetT1_4 Pin=U1-16
Added Net: Name=NetT1_4
Added Pin To Net: NetName=NetT1_5 Pin=U1-1
Added Net: Name=NetT1_5
Added Pin To Net: NetName=NetT1_6 Pin=U1-10
Added Net: Name=NetT1_6
Added Pin To Net: NetName=NetT1_7 Pin=U1-5
Added Net: Name=NetT1_7
Added Pin To Net: NetName=NetT1_8 Pin=U1-14
Added Net: Name=NetT1_8
Added Member To Class: ClassName=Sheet1 Member=Component R1 pot
Added Member To Class: ClassName=Sheet1 Member=Component T1 header out
Added Member To Class: ClassName=Sheet1 Member=Component T2 Terminal
Added Member To Class: ClassName=Sheet1 Member=Component U1 quad omamp 2*lm393
