Added Component: Designator=H1(headers)
Added Component: Designator=H2(headers)
Added Component: Designator=R1(pot)
Added Component: Designator=T2(Terminal)
Added Component: Designator=U1(quad omamp 2*lm393)
Added Pin To Net: NetName=NetR1_1 Pin=R1-1
Added Pin To Net: NetName=NetR1_2 Pin=R1-2
Added Pin To Net: NetName=NetR1_3 Pin=R1-3
Added Pin To Net: NetName=NetR1_2 Pin=U1-2
Added Pin To Net: NetName=NetR1_3 Pin=U1-4
Added Pin To Net: NetName=NetR1_2 Pin=U1-6
Added Pin To Net: NetName=NetR1_3 Pin=U1-8
Added Pin To Net: NetName=NetR1_1 Pin=U1-9
Added Pin To Net: NetName=NetR1_2 Pin=U1-11
Added Pin To Net: NetName=NetR1_1 Pin=U1-13
Added Pin To Net: NetName=NetR1_2 Pin=U1-15
Added Pin To Net: NetName=NetH1_1 Pin=H1-1
Added Pin To Net: NetName=NetH1_1 Pin=U1-3
Added Net: Name=NetH1_1
Added Pin To Net: NetName=NetH1_2 Pin=H1-2
Added Pin To Net: NetName=NetH1_2 Pin=U1-12
Added Net: Name=NetH1_2
Added Pin To Net: NetName=NetH1_3 Pin=H1-3
Added Pin To Net: NetName=NetH1_3 Pin=U1-7
Added Net: Name=NetH1_3
Added Pin To Net: NetName=NetH1_4 Pin=H1-4
Added Pin To Net: NetName=NetH1_4 Pin=U1-16
Added Net: Name=NetH1_4
Added Pin To Net: NetName=NetH2_1 Pin=H2-1
Added Pin To Net: NetName=NetH2_1 Pin=U1-1
Added Net: Name=NetH2_1
Added Pin To Net: NetName=NetH2_2 Pin=H2-2
Added Pin To Net: NetName=NetH2_2 Pin=U1-10
Added Net: Name=NetH2_2
Added Pin To Net: NetName=NetH2_3 Pin=H2-3
Added Pin To Net: NetName=NetH2_3 Pin=U1-5
Added Net: Name=NetH2_3
Added Pin To Net: NetName=NetH2_4 Pin=H2-4
Added Pin To Net: NetName=NetH2_4 Pin=U1-14
Added Net: Name=NetH2_4
Added Member To Class: ClassName=Sheet1 Member=Component H1 header out
Added Member To Class: ClassName=Sheet1 Member=Component H2 header in
Added Member To Class: ClassName=Sheet1 Member=Component R1 pot
Added Member To Class: ClassName=Sheet1 Member=Component T2 Terminal
Added Member To Class: ClassName=Sheet1 Member=Component U1 quad omamp 2*lm393
